Performing C SOURCE FILE Test SanBlist_FLAG_DETECTED failed with the following output:
Change Dir: /home/vbccam/kms-omni-build/CMakeFiles/CMakeTmp

Run Build Command:"/usr/bin/make" "cmTC_39038/fast"
/usr/bin/make -f CMakeFiles/cmTC_39038.dir/build.make CMakeFiles/cmTC_39038.dir/build
make[1]: Entering directory '/home/vbccam/kms-omni-build/CMakeFiles/CMakeTmp'
Building C object CMakeFiles/cmTC_39038.dir/src.c.o
/usr/bin/cc   -DSanBlist_FLAG_DETECTED -fsanitize-blacklist=/home/vbccam/kms-omni-build/bin/sanitizers/blacklist.txt   -fsanitize-blacklist=/home/vbccam/kms-omni-build/bin/sanitizers/blacklist.txt -o CMakeFiles/cmTC_39038.dir/src.c.o   -c /home/vbccam/kms-omni-build/CMakeFiles/CMakeTmp/src.c
cc: error: unrecognized command line option '-fsanitize-blacklist=/home/vbccam/kms-omni-build/bin/sanitizers/blacklist.txt'
cc: error: unrecognized command line option '-fsanitize-blacklist=/home/vbccam/kms-omni-build/bin/sanitizers/blacklist.txt'
CMakeFiles/cmTC_39038.dir/build.make:65: recipe for target 'CMakeFiles/cmTC_39038.dir/src.c.o' failed
make[1]: *** [CMakeFiles/cmTC_39038.dir/src.c.o] Error 1
make[1]: Leaving directory '/home/vbccam/kms-omni-build/CMakeFiles/CMakeTmp'
Makefile:126: recipe for target 'cmTC_39038/fast' failed
make: *** [cmTC_39038/fast] Error 2

Source file was:
int main(void) { return 0; }
Performing C SOURCE FILE Test SanBlist_FLAG_DETECTED failed with the following output:
Change Dir: /home/vbccam/kms-omni-build/CMakeFiles/CMakeTmp

Run Build Command:"/usr/bin/make" "cmTC_6e6e7/fast"
/usr/bin/make -f CMakeFiles/cmTC_6e6e7.dir/build.make CMakeFiles/cmTC_6e6e7.dir/build
make[1]: Entering directory '/home/vbccam/kms-omni-build/CMakeFiles/CMakeTmp'
Building C object CMakeFiles/cmTC_6e6e7.dir/src.c.o
/usr/bin/cc   -DSanBlist_FLAG_DETECTED -fsanitize-blacklist=/home/vbccam/kms-omni-build/bin/sanitizers/blacklist.txt   -fsanitize-blacklist=/home/vbccam/kms-omni-build/bin/sanitizers/blacklist.txt -o CMakeFiles/cmTC_6e6e7.dir/src.c.o   -c /home/vbccam/kms-omni-build/CMakeFiles/CMakeTmp/src.c
cc: error: unrecognized command line option '-fsanitize-blacklist=/home/vbccam/kms-omni-build/bin/sanitizers/blacklist.txt'
cc: error: unrecognized command line option '-fsanitize-blacklist=/home/vbccam/kms-omni-build/bin/sanitizers/blacklist.txt'
CMakeFiles/cmTC_6e6e7.dir/build.make:65: recipe for target 'CMakeFiles/cmTC_6e6e7.dir/src.c.o' failed
make[1]: *** [CMakeFiles/cmTC_6e6e7.dir/src.c.o] Error 1
make[1]: Leaving directory '/home/vbccam/kms-omni-build/CMakeFiles/CMakeTmp'
Makefile:126: recipe for target 'cmTC_6e6e7/fast' failed
make: *** [cmTC_6e6e7/fast] Error 2

Source file was:
int main(void) { return 0; }
Performing C SOURCE FILE Test SanBlist_FLAG_DETECTED failed with the following output:
Change Dir: /home/vbccam/kms-omni-build/CMakeFiles/CMakeTmp

Run Build Command:"/usr/bin/make" "cmTC_7d443/fast"
/usr/bin/make -f CMakeFiles/cmTC_7d443.dir/build.make CMakeFiles/cmTC_7d443.dir/build
make[1]: Entering directory '/home/vbccam/kms-omni-build/CMakeFiles/CMakeTmp'
Building C object CMakeFiles/cmTC_7d443.dir/src.c.o
/usr/bin/cc   -DSanBlist_FLAG_DETECTED -fsanitize-blacklist=/home/vbccam/kms-omni-build/bin/sanitizers/blacklist.txt   -fsanitize-blacklist=/home/vbccam/kms-omni-build/bin/sanitizers/blacklist.txt -o CMakeFiles/cmTC_7d443.dir/src.c.o   -c /home/vbccam/kms-omni-build/CMakeFiles/CMakeTmp/src.c
cc: error: unrecognized command line option '-fsanitize-blacklist=/home/vbccam/kms-omni-build/bin/sanitizers/blacklist.txt'
cc: error: unrecognized command line option '-fsanitize-blacklist=/home/vbccam/kms-omni-build/bin/sanitizers/blacklist.txt'
CMakeFiles/cmTC_7d443.dir/build.make:65: recipe for target 'CMakeFiles/cmTC_7d443.dir/src.c.o' failed
make[1]: *** [CMakeFiles/cmTC_7d443.dir/src.c.o] Error 1
make[1]: Leaving directory '/home/vbccam/kms-omni-build/CMakeFiles/CMakeTmp'
Makefile:126: recipe for target 'cmTC_7d443/fast' failed
make: *** [cmTC_7d443/fast] Error 2

Source file was:
int main(void) { return 0; }
Performing C SOURCE FILE Test SanBlist_FLAG_DETECTED failed with the following output:
Change Dir: /home/vbccam/kms-omni-build/CMakeFiles/CMakeTmp

Run Build Command:"/usr/bin/make" "cmTC_a8d45/fast"
/usr/bin/make -f CMakeFiles/cmTC_a8d45.dir/build.make CMakeFiles/cmTC_a8d45.dir/build
make[1]: Entering directory '/home/vbccam/kms-omni-build/CMakeFiles/CMakeTmp'
Building C object CMakeFiles/cmTC_a8d45.dir/src.c.o
/usr/bin/cc   -DSanBlist_FLAG_DETECTED -fsanitize-blacklist=/home/vbccam/kms-omni-build/bin/sanitizers/blacklist.txt   -fsanitize-blacklist=/home/vbccam/kms-omni-build/bin/sanitizers/blacklist.txt -o CMakeFiles/cmTC_a8d45.dir/src.c.o   -c /home/vbccam/kms-omni-build/CMakeFiles/CMakeTmp/src.c
cc: error: unrecognized command line option '-fsanitize-blacklist=/home/vbccam/kms-omni-build/bin/sanitizers/blacklist.txt'
cc: error: unrecognized command line option '-fsanitize-blacklist=/home/vbccam/kms-omni-build/bin/sanitizers/blacklist.txt'
CMakeFiles/cmTC_a8d45.dir/build.make:65: recipe for target 'CMakeFiles/cmTC_a8d45.dir/src.c.o' failed
make[1]: *** [CMakeFiles/cmTC_a8d45.dir/src.c.o] Error 1
make[1]: Leaving directory '/home/vbccam/kms-omni-build/CMakeFiles/CMakeTmp'
Makefile:126: recipe for target 'cmTC_a8d45/fast' failed
make: *** [cmTC_a8d45/fast] Error 2

Source file was:
int main(void) { return 0; }
Performing C SOURCE FILE Test SanBlist_FLAG_DETECTED failed with the following output:
Change Dir: /home/vbccam/kms-omni-build/CMakeFiles/CMakeTmp

Run Build Command:"/usr/bin/make" "cmTC_ea61e/fast"
/usr/bin/make -f CMakeFiles/cmTC_ea61e.dir/build.make CMakeFiles/cmTC_ea61e.dir/build
make[1]: Entering directory '/home/vbccam/kms-omni-build/CMakeFiles/CMakeTmp'
Building C object CMakeFiles/cmTC_ea61e.dir/src.c.o
/usr/bin/cc   -DSanBlist_FLAG_DETECTED -fsanitize-blacklist=/home/vbccam/kms-omni-build/bin/sanitizers/blacklist.txt   -fsanitize-blacklist=/home/vbccam/kms-omni-build/bin/sanitizers/blacklist.txt -o CMakeFiles/cmTC_ea61e.dir/src.c.o   -c /home/vbccam/kms-omni-build/CMakeFiles/CMakeTmp/src.c
cc: error: unrecognized command line option '-fsanitize-blacklist=/home/vbccam/kms-omni-build/bin/sanitizers/blacklist.txt'
cc: error: unrecognized command line option '-fsanitize-blacklist=/home/vbccam/kms-omni-build/bin/sanitizers/blacklist.txt'
CMakeFiles/cmTC_ea61e.dir/build.make:65: recipe for target 'CMakeFiles/cmTC_ea61e.dir/src.c.o' failed
make[1]: *** [CMakeFiles/cmTC_ea61e.dir/src.c.o] Error 1
make[1]: Leaving directory '/home/vbccam/kms-omni-build/CMakeFiles/CMakeTmp'
Makefile:126: recipe for target 'cmTC_ea61e/fast' failed
make: *** [cmTC_ea61e/fast] Error 2

Source file was:
int main(void) { return 0; }
Performing C SOURCE FILE Test SanBlist_FLAG_DETECTED failed with the following output:
Change Dir: /home/vbccam/kms-omni-build/CMakeFiles/CMakeTmp

Run Build Command:"/usr/bin/make" "cmTC_9b740/fast"
/usr/bin/make -f CMakeFiles/cmTC_9b740.dir/build.make CMakeFiles/cmTC_9b740.dir/build
make[1]: Entering directory '/home/vbccam/kms-omni-build/CMakeFiles/CMakeTmp'
Building C object CMakeFiles/cmTC_9b740.dir/src.c.o
/usr/bin/cc   -DSanBlist_FLAG_DETECTED -fsanitize-blacklist=/home/vbccam/kms-omni-build/bin/sanitizers/blacklist.txt   -fsanitize-blacklist=/home/vbccam/kms-omni-build/bin/sanitizers/blacklist.txt -o CMakeFiles/cmTC_9b740.dir/src.c.o   -c /home/vbccam/kms-omni-build/CMakeFiles/CMakeTmp/src.c
cc: error: unrecognized command line option '-fsanitize-blacklist=/home/vbccam/kms-omni-build/bin/sanitizers/blacklist.txt'
cc: error: unrecognized command line option '-fsanitize-blacklist=/home/vbccam/kms-omni-build/bin/sanitizers/blacklist.txt'
CMakeFiles/cmTC_9b740.dir/build.make:65: recipe for target 'CMakeFiles/cmTC_9b740.dir/src.c.o' failed
make[1]: *** [CMakeFiles/cmTC_9b740.dir/src.c.o] Error 1
make[1]: Leaving directory '/home/vbccam/kms-omni-build/CMakeFiles/CMakeTmp'
Makefile:126: recipe for target 'cmTC_9b740/fast' failed
make: *** [cmTC_9b740/fast] Error 2

Source file was:
int main(void) { return 0; }
Performing C SOURCE FILE Test SanBlist_FLAG_DETECTED failed with the following output:
Change Dir: /home/vbccam/kms-omni-build/CMakeFiles/CMakeTmp

Run Build Command:"/usr/bin/make" "cmTC_391d2/fast"
/usr/bin/make -f CMakeFiles/cmTC_391d2.dir/build.make CMakeFiles/cmTC_391d2.dir/build
make[1]: Entering directory '/home/vbccam/kms-omni-build/CMakeFiles/CMakeTmp'
Building C object CMakeFiles/cmTC_391d2.dir/src.c.o
/usr/bin/cc   -DSanBlist_FLAG_DETECTED -fsanitize-blacklist=/home/vbccam/kms-omni-build/bin/sanitizers/blacklist.txt   -fsanitize-blacklist=/home/vbccam/kms-omni-build/bin/sanitizers/blacklist.txt -o CMakeFiles/cmTC_391d2.dir/src.c.o   -c /home/vbccam/kms-omni-build/CMakeFiles/CMakeTmp/src.c
cc: error: unrecognized command line option '-fsanitize-blacklist=/home/vbccam/kms-omni-build/bin/sanitizers/blacklist.txt'
cc: error: unrecognized command line option '-fsanitize-blacklist=/home/vbccam/kms-omni-build/bin/sanitizers/blacklist.txt'
CMakeFiles/cmTC_391d2.dir/build.make:65: recipe for target 'CMakeFiles/cmTC_391d2.dir/src.c.o' failed
make[1]: *** [CMakeFiles/cmTC_391d2.dir/src.c.o] Error 1
make[1]: Leaving directory '/home/vbccam/kms-omni-build/CMakeFiles/CMakeTmp'
Makefile:126: recipe for target 'cmTC_391d2/fast' failed
make: *** [cmTC_391d2/fast] Error 2

Source file was:
int main(void) { return 0; }
Performing C SOURCE FILE Test SanBlist_FLAG_DETECTED failed with the following output:
Change Dir: /home/vbccam/kms-omni-build/CMakeFiles/CMakeTmp

Run Build Command:"/usr/bin/make" "cmTC_a24c8/fast"
/usr/bin/make -f CMakeFiles/cmTC_a24c8.dir/build.make CMakeFiles/cmTC_a24c8.dir/build
make[1]: Entering directory '/home/vbccam/kms-omni-build/CMakeFiles/CMakeTmp'
Building C object CMakeFiles/cmTC_a24c8.dir/src.c.o
/usr/bin/cc   -DSanBlist_FLAG_DETECTED -fsanitize-blacklist=/home/vbccam/kms-omni-build/bin/sanitizers/blacklist.txt   -fsanitize-blacklist=/home/vbccam/kms-omni-build/bin/sanitizers/blacklist.txt -o CMakeFiles/cmTC_a24c8.dir/src.c.o   -c /home/vbccam/kms-omni-build/CMakeFiles/CMakeTmp/src.c
cc: error: unrecognized command line option '-fsanitize-blacklist=/home/vbccam/kms-omni-build/bin/sanitizers/blacklist.txt'
cc: error: unrecognized command line option '-fsanitize-blacklist=/home/vbccam/kms-omni-build/bin/sanitizers/blacklist.txt'
CMakeFiles/cmTC_a24c8.dir/build.make:65: recipe for target 'CMakeFiles/cmTC_a24c8.dir/src.c.o' failed
make[1]: *** [CMakeFiles/cmTC_a24c8.dir/src.c.o] Error 1
make[1]: Leaving directory '/home/vbccam/kms-omni-build/CMakeFiles/CMakeTmp'
Makefile:126: recipe for target 'cmTC_a24c8/fast' failed
make: *** [cmTC_a24c8/fast] Error 2

Source file was:
int main(void) { return 0; }
Performing C SOURCE FILE Test SanBlist_FLAG_DETECTED failed with the following output:
Change Dir: /home/vbccam/kms-omni-build/CMakeFiles/CMakeTmp

Run Build Command:"/usr/bin/make" "cmTC_60c67/fast"
/usr/bin/make -f CMakeFiles/cmTC_60c67.dir/build.make CMakeFiles/cmTC_60c67.dir/build
make[1]: Entering directory '/home/vbccam/kms-omni-build/CMakeFiles/CMakeTmp'
Building C object CMakeFiles/cmTC_60c67.dir/src.c.o
/usr/bin/cc   -DSanBlist_FLAG_DETECTED -fsanitize-blacklist=/home/vbccam/kms-omni-build/bin/sanitizers/blacklist.txt   -fsanitize-blacklist=/home/vbccam/kms-omni-build/bin/sanitizers/blacklist.txt -o CMakeFiles/cmTC_60c67.dir/src.c.o   -c /home/vbccam/kms-omni-build/CMakeFiles/CMakeTmp/src.c
cc: error: unrecognized command line option '-fsanitize-blacklist=/home/vbccam/kms-omni-build/bin/sanitizers/blacklist.txt'
cc: error: unrecognized command line option '-fsanitize-blacklist=/home/vbccam/kms-omni-build/bin/sanitizers/blacklist.txt'
CMakeFiles/cmTC_60c67.dir/build.make:65: recipe for target 'CMakeFiles/cmTC_60c67.dir/src.c.o' failed
make[1]: *** [CMakeFiles/cmTC_60c67.dir/src.c.o] Error 1
make[1]: Leaving directory '/home/vbccam/kms-omni-build/CMakeFiles/CMakeTmp'
Makefile:126: recipe for target 'cmTC_60c67/fast' failed
make: *** [cmTC_60c67/fast] Error 2

Source file was:
int main(void) { return 0; }
